[debug] [2021-08-11T05:57:42.810Z] ----------------------------------------------------------------------
[debug] [2021-08-11T05:57:42.812Z] Command:       C:\Program Files\nodejs\node.exe C:\Users\Philo\AppData\Roaming\npm\node_modules\firebase-tools\lib\bin\firebase.js init
[debug] [2021-08-11T05:57:42.812Z] CLI Version:   9.16.0
[debug] [2021-08-11T05:57:42.812Z] Platform:      win32
[debug] [2021-08-11T05:57:42.812Z] Node Version:  v14.17.1
[debug] [2021-08-11T05:57:42.813Z] Time:          Wed Aug 11 2021 00:57:42 GMT-0500 (hora de verano central)
[debug] [2021-08-11T05:57:42.814Z] ----------------------------------------------------------------------
[debug] 
[debug] [2021-08-11T05:57:42.866Z] > command requires scopes: ["email","openid","https://www.googleapis.com/auth/cloudplatformprojects.readonly","https://www.googleapis.com/auth/firebase","https://www.googleapis.com/auth/cloud-platform"]
[debug] [2021-08-11T05:57:42.866Z] > authorizing via signed-in user (aldemar991022@gmail.com)
[info] 
     ######## #### ########  ######## ########     ###     ######  ########
     ##        ##  ##     ## ##       ##     ##  ##   ##  ##       ##
     ######    ##  ########  ######   ########  #########  ######  ######
     ##        ##  ##    ##  ##       ##     ## ##     ##       ## ##
     ##       #### ##     ## ######## ########  ##     ##  ######  ########

You're about to initialize a Firebase project in this directory:

  D:\User\Documentos\GitHub\Tesis\megavr

Before we get started, keep in mind:

  * You are initializing within an existing Firebase project directory

[info] 
=== Project Setup
[info] 
[info] First, let's associate this project directory with a Firebase project.
[info] You can create multiple project aliases by running firebase use --add, 
[info] but for now we'll just set up a default project.
[info] 
[info] i  .firebaserc already has a default project, using tesisvr-space. 
[debug] [2021-08-11T05:57:49.444Z] >>> [apiv2][query] GET https://firebase.googleapis.com/v1beta1/projects/tesisvr-space [none]
[debug] [2021-08-11T05:57:50.928Z] <<< [apiv2][status] GET https://firebase.googleapis.com/v1beta1/projects/tesisvr-space 403
[debug] [2021-08-11T05:57:50.928Z] <<< [apiv2][body] GET https://firebase.googleapis.com/v1beta1/projects/tesisvr-space {"error":{"code":403,"message":"The caller does not have permission","status":"PERMISSION_DENIED"}}
[debug] [2021-08-11T05:57:50.930Z] HTTP Error: 403, The caller does not have permission
[debug] [2021-08-11T05:57:51.261Z] FirebaseError: HTTP Error: 403, The caller does not have permission
    at module.exports (C:\Users\Philo\AppData\Roaming\npm\node_modules\firebase-tools\lib\responseToError.js:38:12)
    at Client.doRequest (C:\Users\Philo\AppData\Roaming\npm\node_modules\firebase-tools\lib\apiv2.js:238:23)
    at processTicksAndRejections (internal/process/task_queues.js:95:5)
    at async Client.request (C:\Users\Philo\AppData\Roaming\npm\node_modules\firebase-tools\lib\apiv2.js:96:20)
    at async Object.getFirebaseProject (C:\Users\Philo\AppData\Roaming\npm\node_modules\firebase-tools\lib\management\projects.js:290:21)
    at async Object.doSetup [as project] (C:\Users\Philo\AppData\Roaming\npm\node_modules\firebase-tools\lib\init\features\project.js:77:27)
    at async init (C:\Users\Philo\AppData\Roaming\npm\node_modules\firebase-tools\lib\init\index.js:19:9)
[error] 
[error] Error: Failed to get Firebase project tesisvr-space. Please make sure the project exists and your account has permission to access it.
